

/******************************************************************************************
* WriteStepFile diagnostics.
* Date:                           Tue Feb 25 12:41:33 2020 
* Produced by:                    The EXPRESS Data Manager Version 5.02.0100.07 : 28 Aug 2013
* Module:                         EDMstepFileFactory/EDMstandAlone
* Host:                           BCI14
* Database:                       C:\Users\s8531176\AppData\Local\Temp\6b78e058-01dd-45bc-84e9-b1226f742dc4\2c8466a8-c775-4e81-be59-9033e59e1fa5\ifc
* Database version:               5507
* Database creation date:         Tue Feb 25 12:41:30 2020
* Model:                          DataRepository.ifc
* Model creation date:            Tue Feb 25 12:41:30 2020
* Header model:                   DataRepository.ifc_HeaderModel
* Header model creation date:     Tue Feb 25 12:41:30 2020
* Step file:                      Demonstration_Model_V1_RV.ifc
* EDMuser:                        sdai-user
* EDMgroup:                       sdai-group
* License ID and type:            5605 : Permanent license. Expiry date: 
* EDMstepFileFactory options:     020000
******************************************************************************************/


------------------------------------------------------------------------------------------------
Operation terminated successfully.
------------------------------------------------------------------------------------------------

