

/******************************************************************************************
* WriteStepFile diagnostics.
* Date:                           Sat Feb 08 12:31:12 2020 
* Produced by:                    The EXPRESS Data Manager Version 5.02.0100.07 : 28 Aug 2013
* Module:                         EDMstepFileFactory/EDMstandAlone
* Host:                           BCI14
* Database:                       C:\Users\s8531176\AppData\Local\Temp\{1F56D812-0836-41BC-B97C-1EEE975463FD}\ifc
* Database version:               5507
* Database creation date:         Sat Feb 08 12:31:08 2020
* Model:                          DataRepository.ifc
* Model creation date:            Sat Feb 08 12:31:08 2020
* Header model:                   DataRepository.ifc_HeaderModel
* Header model creation date:     Sat Feb 08 12:31:08 2020
* Step file:                      Demonstration_Model2_Revit 2019_25.01.ifc
* EDMuser:                        sdai-user
* EDMgroup:                       sdai-group
* License ID and type:            5605 : Permanent license. Expiry date: 
* EDMstepFileFactory options:     020000
******************************************************************************************/


------------------------------------------------------------------------------------------------
Operation terminated successfully.
------------------------------------------------------------------------------------------------

